2025-10-24 02:38:41,832 [INFO] ==== Início do mapeamento (Selenium) ====
2025-10-24 02:38:41,833 [INFO] ====== WebDriver manager ======
2025-10-24 02:38:43,216 [INFO] Get LATEST chromedriver version for google-chrome
2025-10-24 02:38:43,274 [INFO] Get LATEST chromedriver version for google-chrome
2025-10-24 02:38:43,301 [INFO] There is no [win64] chromedriver "141.0.7390.122" for browser google-chrome "141.0.7390" in cache
2025-10-24 02:38:43,301 [INFO] Get LATEST chromedriver version for google-chrome
2025-10-24 02:38:43,405 [INFO] WebDriver version 141.0.7390.122 selected
2025-10-24 02:38:43,412 [INFO] Modern chrome version https://storage.googleapis.com/chrome-for-testing-public/141.0.7390.122/win32/chromedriver-win32.zip
2025-10-24 02:38:43,413 [INFO] About to download new driver from https://storage.googleapis.com/chrome-for-testing-public/141.0.7390.122/win32/chromedriver-win32.zip
2025-10-24 02:38:43,538 [INFO] Driver downloading response is 200
2025-10-24 02:38:43,872 [INFO] Get LATEST chromedriver version for google-chrome
2025-10-24 02:38:44,047 [INFO] Driver has been saved in cache [C:\Users\Alan Gattiboni\.wdm\drivers\chromedriver\win64\141.0.7390.122]
2025-10-24 02:38:45,802 [INFO] Iniciando mapeamento: unimed
2025-10-24 02:38:55,197 [INFO] Snapshot salvo: D:\Backup C 256\Desktop\Gattiboni Enterprises\Lucas Farinazzo\saude-fetch\docs\mappings\unimed_dynamic.html
2025-10-24 02:39:03,289 [INFO] Mapeamento concluído: unimed
2025-10-24 02:39:03,289 [INFO] Iniciando mapeamento: amil
2025-10-24 02:39:09,404 [INFO] Snapshot salvo: D:\Backup C 256\Desktop\Gattiboni Enterprises\Lucas Farinazzo\saude-fetch\docs\mappings\amil_dynamic.html
2025-10-24 02:39:09,483 [INFO] Mapeamento concluído: amil
2025-10-24 02:39:09,483 [INFO] Iniciando mapeamento: bradesco
2025-10-24 02:39:15,593 [INFO] Snapshot salvo: D:\Backup C 256\Desktop\Gattiboni Enterprises\Lucas Farinazzo\saude-fetch\docs\mappings\bradesco_dynamic.html
2025-10-24 02:39:15,630 [INFO] Mapeamento concluído: bradesco
2025-10-24 02:39:15,630 [INFO] Iniciando mapeamento: seguros_unimed
2025-10-24 02:39:24,276 [INFO] Snapshot salvo: D:\Backup C 256\Desktop\Gattiboni Enterprises\Lucas Farinazzo\saude-fetch\docs\mappings\seguros_unimed_dynamic.html
2025-10-24 02:39:28,075 [INFO] Mapeamento concluído: seguros_unimed
2025-10-24 02:39:28,075 [INFO] Iniciando mapeamento: sulamerica
2025-10-24 02:39:33,775 [WARNING] Falha ao autenticar SulAmérica: Message: no such element: Unable to locate element: {"method":"css selector","selector":"[name="txtCpf"]"}
  (Session info: chrome=141.0.7390.122); For documentation on this error, please visit: https://www.selenium.dev/documentation/webdriver/troubleshooting/errors#no-such-element-exception
Stacktrace:
	GetHandleVerifier [0x0xeafe43+66515]
	GetHandleVerifier [0x0xeafe84+66580]
	(No symbol) [0x0xc9dc48]
	(No symbol) [0x0xce8704]
	(No symbol) [0x0xce8aab]
	(No symbol) [0x0xd2f482]
	(No symbol) [0x0xd0b214]
	(No symbol) [0x0xd2cba7]
	(No symbol) [0x0xd0afc6]
	(No symbol) [0x0xcdc2ca]
	(No symbol) [0x0xcdd154]
	GetHandleVerifier [0x0x1107353+2521315]
	GetHandleVerifier [0x0x11022d3+2500707]
	GetHandleVerifier [0x0xed7c94+229924]
	GetHandleVerifier [0x0xec81f8+165768]
	GetHandleVerifier [0x0xececad+193085]
	GetHandleVerifier [0x0xeb8158+100072]
	GetHandleVerifier [0x0xeb82f0+100480]
	GetHandleVerifier [0x0xea25aa+11066]
	BaseThreadInitThunk [0x0x7766fcc9+25]
	RtlGetAppContainerNamedObjectPath [0x0x77cf82ae+286]
	RtlGetAppContainerNamedObjectPath [0x0x77cf827e+238]

2025-10-24 02:39:33,782 [INFO] Snapshot salvo: D:\Backup C 256\Desktop\Gattiboni Enterprises\Lucas Farinazzo\saude-fetch\docs\mappings\sulamerica_dynamic.html
2025-10-24 02:39:33,819 [INFO] Mapeamento concluído: sulamerica
2025-10-24 02:39:36,139 [INFO] ==== Mapeamento concluído (Selenium) ====
